mode: set
github.com\wnxn\gostudy\container\nonrepeatingsubstr\nonrepeating.go:8.31,10.19 1 1
github.com\wnxn\gostudy\container\nonrepeatingsubstr\nonrepeating.go:13.2,16.20 4 1
github.com\wnxn\gostudy\container\nonrepeatingsubstr\nonrepeating.go:27.2,27.12 1 1
github.com\wnxn\gostudy\container\nonrepeatingsubstr\nonrepeating.go:10.19,12.3 1 1
github.com\wnxn\gostudy\container\nonrepeatingsubstr\nonrepeating.go:16.20,17.16 1 1
github.com\wnxn\gostudy\container\nonrepeatingsubstr\nonrepeating.go:17.16,20.4 2 1
github.com\wnxn\gostudy\container\nonrepeatingsubstr\nonrepeating.go:20.4,22.24 2 1
github.com\wnxn\gostudy\container\nonrepeatingsubstr\nonrepeating.go:22.24,24.5 1 1
github.com\wnxn\gostudy\container\nonrepeatingsubstr\nonrepeating.go:30.12,41.2 10 0
