mode: set
github.com\wnxn\gostudy\errhandling\filelistingserver\web.go:16.17,18.26 1 1
github.com\wnxn\gostudy\errhandling\filelistingserver\web.go:18.26,20.16 1 1
github.com\wnxn\gostudy\errhandling\filelistingserver\web.go:28.3,30.17 2 1
github.com\wnxn\gostudy\errhandling\filelistingserver\web.go:20.16,21.32 1 1
github.com\wnxn\gostudy\errhandling\filelistingserver\web.go:21.32,26.5 2 1
github.com\wnxn\gostudy\errhandling\filelistingserver\web.go:30.17,33.42 2 1
github.com\wnxn\gostudy\errhandling\filelistingserver\web.go:40.4,41.11 2 1
github.com\wnxn\gostudy\errhandling\filelistingserver\web.go:49.4,51.10 1 1
github.com\wnxn\gostudy\errhandling\filelistingserver\web.go:33.42,38.5 2 1
github.com\wnxn\gostudy\errhandling\filelistingserver\web.go:42.28,43.31 1 1
github.com\wnxn\gostudy\errhandling\filelistingserver\web.go:44.30,45.32 1 1
github.com\wnxn\gostudy\errhandling\filelistingserver\web.go:46.12,47.42 1 1
github.com\wnxn\gostudy\errhandling\filelistingserver\web.go:61.13,64.16 3 0
github.com\wnxn\gostudy\errhandling\filelistingserver\web.go:64.16,65.13 1 0
